{"type":"server-started","port":58362,"host":"127.0.0.1","url_host":"localhost","url":"http://localhost:58362","screen_dir":"/Users/rich1e/workspace/code/dayfold/.superpowers/brainstorm/28948-1775543989/content","state_dir":"/Users/rich1e/workspace/code/dayfold/.superpowers/brainstorm/28948-1775543989/state"}
{"type":"screen-added","file":"/Users/rich1e/workspace/code/dayfold/.superpowers/brainstorm/28948-1775543989/content/platform.html"}
{"type":"screen-added","file":"/Users/rich1e/workspace/code/dayfold/.superpowers/brainstorm/28948-1775543989/content/core-features.html"}
{"source":"user-event","type":"click","text":"A\n    \n      📝 专业写作体验\n      强大的编辑器、Markdown 支持、格式化工具\n      \n        富文本/Markdown 双模式编辑\n        写作辅助工具(字数统计、阅读时间)\n        模板和快捷输入","choice":"writing","id":null,"timestamp":1775544122794}
{"source":"user-event","type":"click","text":"H\n    \n      👥 分享和协作\n      选择性分享、家庭日记、评论\n      \n        生成精美分享卡片\n        共享日记本\n        导出多种格式(PDF、HTML)\n        打印和装订服务","choice":"social","id":null,"timestamp":1775544132973}
{"source":"user-event","type":"click","text":"B\n    \n      📷 多媒体记录\n      照片、视频、音频的完整支持\n      \n        照片网格展示和管理\n        视频录制和回放\n        语音备忘录\n        图片自动分类和标签","choice":"media","id":null,"timestamp":1775544137791}
{"source":"user-event","type":"click","text":"C\n    \n      📍 上下文信息\n      自动记录位置、天气、活动等元数据\n      \n        GPS 位置和地图展示\n        天气信息自动获取\n        活动追踪(步数、运动)\n        设备和时间戳记录","choice":"context","id":null,"timestamp":1775544139324}
{"source":"user-event","type":"click","text":"H\n    \n      👥 分享和协作\n      选择性分享、家庭日记、评论\n      \n        生成精美分享卡片\n        共享日记本\n        导出多种格式(PDF、HTML)\n        打印和装订服务","choice":"social","id":null,"timestamp":1775544170816}
{"source":"user-event","type":"click","text":"C\n    \n      📍 上下文信息\n      自动记录位置、天气、活动等元数据\n      \n        GPS 位置和地图展示\n        天气信息自动获取\n        活动追踪(步数、运动)\n        设备和时间戳记录","choice":"context","id":null,"timestamp":1775544183111}
{"source":"user-event","type":"click","text":"B\n    \n      📷 多媒体记录\n      照片、视频、音频的完整支持\n      \n        照片网格展示和管理\n        视频录制和回放\n        语音备忘录\n        图片自动分类和标签","choice":"media","id":null,"timestamp":1775544183745}
{"source":"user-event","type":"click","text":"D\n    \n      🗂️ 组织和检索\n      标签、分类、搜索、时间轴\n      \n        灵活的标签系统\n        日记本/文件夹分类\n        全文搜索和筛选\n        时间轴和日历视图","choice":"organization","id":null,"timestamp":1775544185051}
{"source":"user-event","type":"click","text":"B\n    \n      📷 多媒体记录\n      照片、视频、音频的完整支持\n      \n        照片网格展示和管理\n        视频录制和回放\n        语音备忘录\n        图片自动分类和标签","choice":"media","id":null,"timestamp":1775544209549}
{"source":"user-event","type":"click","text":"C\n    \n      📍 上下文信息\n      自动记录位置、天气、活动等元数据\n      \n        GPS 位置和地图展示\n        天气信息自动获取\n        活动追踪(步数、运动)\n        设备和时间戳记录","choice":"context","id":null,"timestamp":1775544210301}
{"source":"user-event","type":"click","text":"E\n    \n      🔒 隐私和安全\n      端到端加密、本地存储、访问控制\n      \n        Face ID/Touch ID 锁定\n        端到端加密\n        本地数据优先\n        可选云同步","choice":"privacy","id":null,"timestamp":1775544270955}
{"type":"screen-added","file":"/Users/rich1e/workspace/code/dayfold/.superpowers/brainstorm/28948-1775543989/content/data-sync.html"}
{"source":"user-event","type":"click","text":"B\n    \n      iCloud 同步\n      使用 Apple CloudKit,自动在用户的 Apple 设备间同步\n      \n        \n          优势\n          \n            Apple 生态深度集成\n            无需自建服务器\n            用户免登录(Apple ID)\n            免费配额充足\n            隐私由 Apple 保障\n          \n        \n        \n          劣势\n          \n            仅限 Apple 设备\n            依赖 iCloud 账户\n            同步速度受 Apple 控制\n            调试相对困难","choice":"icloud","id":null,"timestamp":1775544346984}
{"type":"screen-added","file":"/Users/rich1e/workspace/code/dayfold/.superpowers/brainstorm/28948-1775543989/content/visual-style.html"}
{"type":"screen-added","file":"/Users/rich1e/workspace/code/dayfold/.superpowers/brainstorm/28948-1775543989/content/mvp-scope.html"}
{"source":"user-event","type":"click","text":"B\n    \n      深度写作\n      沉浸式的长文写作体验\n      \n        全屏编辑模式\n        Markdown 支持\n        格式化工具栏\n        字数统计和写作目标","choice":"rich-editing","id":null,"timestamp":1775544426981}
{"source":"user-event","type":"click","text":"C\n    \n      多媒体日记\n      图文并茂记录生活瞬间\n      \n        相册网格展示\n        照片批量导入\n        图片标注和编辑\n        视频录制和插入","choice":"media-rich","id":null,"timestamp":1775544428867}
{"source":"user-event","type":"click","text":"A\n    \n      快速记录\n      打开应用即可快速写下想法\n      \n        从主界面直接创建新条目\n        自动保存草稿\n        快捷添加照片\n        语音转文字(可选)","choice":"quick-entry","id":null,"timestamp":1775544438258}
{"source":"user-event","type":"click","text":"D\n    \n      时间轴浏览\n      按时间顺序回顾过往记录\n      \n        日历视图\n        时间线滚动\n        日期快速跳转\n        卡片式预览","choice":"timeline-browse","id":null,"timestamp":1775544441379}
{"source":"user-event","type":"click","text":"F\n    \n      标签和分类\n      灵活组织管理日记内容\n      \n        创建和管理标签\n        日记本/文件夹\n        收藏/置顶功能\n        批量操作","choice":"organization","id":null,"timestamp":1775544443145}
{"type":"screen-added","file":"/Users/rich1e/workspace/code/dayfold/.superpowers/brainstorm/28948-1775543989/content/waiting.html"}
